# Logfile created on 2014-01-09 17:14:05 +0000 by logger.rb/31641
I, [2014-01-09T17:14:05.570883 #15149]  INFO -- : 0:  rake (10.1.1) from /var/lib/gems/1.9.1/specifications/rake-10.1.1.gemspec
I, [2014-01-09T17:14:05.571885 #15149]  INFO -- : 0:  i18n (0.6.9) from /var/lib/gems/1.9.1/specifications/i18n-0.6.9.gemspec
I, [2014-01-09T17:14:05.573433 #15149]  INFO -- : 0:  minitest (4.7.5) from /var/lib/gems/1.9.1/specifications/minitest-4.7.5.gemspec
I, [2014-01-09T17:14:05.574400 #15149]  INFO -- : 0:  multi_json (1.8.2) from /var/lib/gems/1.9.1/specifications/multi_json-1.8.2.gemspec
I, [2014-01-09T17:14:05.591002 #15149]  INFO -- : 0:  atomic (1.1.14) from /var/lib/gems/1.9.1/specifications/atomic-1.1.14.gemspec
I, [2014-01-09T17:14:05.591901 #15149]  INFO -- : 0:  thread_safe (0.1.3) from /var/lib/gems/1.9.1/specifications/thread_safe-0.1.3.gemspec
I, [2014-01-09T17:14:05.592490 #15149]  INFO -- : 0:  tzinfo (0.3.38) from /var/lib/gems/1.9.1/specifications/tzinfo-0.3.38.gemspec
I, [2014-01-09T17:14:05.593031 #15149]  INFO -- : 0:  activesupport (4.0.1) from /var/lib/gems/1.9.1/specifications/activesupport-4.0.1.gemspec
I, [2014-01-09T17:14:05.593795 #15149]  INFO -- : 0:  builder (3.1.4) from /var/lib/gems/1.9.1/specifications/builder-3.1.4.gemspec
I, [2014-01-09T17:14:05.594377 #15149]  INFO -- : 0:  erubis (2.7.0) from /var/lib/gems/1.9.1/specifications/erubis-2.7.0.gemspec
I, [2014-01-09T17:14:05.594923 #15149]  INFO -- : 0:  rack (1.5.2) from /var/lib/gems/1.9.1/specifications/rack-1.5.2.gemspec
I, [2014-01-09T17:14:05.595453 #15149]  INFO -- : 0:  rack-test (0.6.2) from /var/lib/gems/1.9.1/specifications/rack-test-0.6.2.gemspec
I, [2014-01-09T17:14:05.595918 #15149]  INFO -- : 0:  actionpack (4.0.1) from /var/lib/gems/1.9.1/specifications/actionpack-4.0.1.gemspec
I, [2014-01-09T17:14:05.596382 #15149]  INFO -- : 0:  mime-types (1.25.1) from /var/lib/gems/1.9.1/specifications/mime-types-1.25.1.gemspec
I, [2014-01-09T17:14:05.596839 #15149]  INFO -- : 0:  polyglot (0.3.3) from /var/lib/gems/1.9.1/specifications/polyglot-0.3.3.gemspec
I, [2014-01-09T17:14:05.597297 #15149]  INFO -- : 0:  treetop (1.4.15) from /var/lib/gems/1.9.1/specifications/treetop-1.4.15.gemspec
I, [2014-01-09T17:14:05.597836 #15149]  INFO -- : 0:  mail (2.5.4) from /var/lib/gems/1.9.1/specifications/mail-2.5.4.gemspec
I, [2014-01-09T17:14:05.598317 #15149]  INFO -- : 0:  actionmailer (4.0.1) from /var/lib/gems/1.9.1/specifications/actionmailer-4.0.1.gemspec
I, [2014-01-09T17:14:05.598767 #15149]  INFO -- : 0:  activemodel (4.0.1) from /var/lib/gems/1.9.1/specifications/activemodel-4.0.1.gemspec
I, [2014-01-09T17:14:05.599244 #15149]  INFO -- : 0:  activerecord-deprecated_finders (1.0.3) from /var/lib/gems/1.9.1/specifications/activerecord-deprecated_finders-1.0.3.gemspec
I, [2014-01-09T17:14:05.599721 #15149]  INFO -- : 0:  arel (4.0.1) from /var/lib/gems/1.9.1/specifications/arel-4.0.1.gemspec
I, [2014-01-09T17:14:05.600255 #15149]  INFO -- : 0:  activerecord (4.0.1) from /var/lib/gems/1.9.1/specifications/activerecord-4.0.1.gemspec
I, [2014-01-09T17:14:05.601900 #15149]  INFO -- : 0:  coffee-script-source (1.6.3) from /var/lib/gems/1.9.1/specifications/coffee-script-source-1.6.3.gemspec
I, [2014-01-09T17:14:05.602655 #15149]  INFO -- : 0:  execjs (2.0.2) from /var/lib/gems/1.9.1/specifications/execjs-2.0.2.gemspec
I, [2014-01-09T17:14:05.603190 #15149]  INFO -- : 0:  coffee-script (2.2.0) from /var/lib/gems/1.9.1/specifications/coffee-script-2.2.0.gemspec
I, [2014-01-09T17:14:05.603748 #15149]  INFO -- : 0:  thor (0.18.1) from /var/lib/gems/1.9.1/specifications/thor-0.18.1.gemspec
I, [2014-01-09T17:14:05.604359 #15149]  INFO -- : 0:  railties (4.0.1) from /var/lib/gems/1.9.1/specifications/railties-4.0.1.gemspec
I, [2014-01-09T17:14:05.604853 #15149]  INFO -- : 0:  coffee-rails (4.0.1) from /var/lib/gems/1.9.1/specifications/coffee-rails-4.0.1.gemspec
I, [2014-01-09T17:14:05.605289 #15149]  INFO -- : 0:  formtastic (2.2.1) from /var/lib/gems/1.9.1/specifications/formtastic-2.2.1.gemspec
I, [2014-01-09T17:14:05.605922 #15149]  INFO -- : 0:  hike (1.2.3) from /var/lib/gems/1.9.1/specifications/hike-1.2.3.gemspec
I, [2014-01-09T17:14:05.606446 #15149]  INFO -- : 0:  jbuilder (1.5.3) from /var/lib/gems/1.9.1/specifications/jbuilder-1.5.3.gemspec
I, [2014-01-09T17:14:05.606891 #15149]  INFO -- : 0:  jquery-rails (3.0.4) from /var/lib/gems/1.9.1/specifications/jquery-rails-3.0.4.gemspec
I, [2014-01-09T17:14:05.607328 #15149]  INFO -- : 0:  json (1.8.1) from /var/lib/gems/1.9.1/specifications/json-1.8.1.gemspec
I, [2014-01-09T17:14:05.607776 #15149]  INFO -- : 0:  mysql2 (0.3.14) from /var/lib/gems/1.9.1/specifications/mysql2-0.3.14.gemspec
I, [2014-01-09T17:14:05.608178 #15149]  INFO -- : 0:  bundler (1.5.1) from /var/lib/gems/1.9.1/specifications/bundler-1.5.1.gemspec
I, [2014-01-09T17:14:05.608619 #15149]  INFO -- : 0:  tilt (1.4.1) from /var/lib/gems/1.9.1/specifications/tilt-1.4.1.gemspec
I, [2014-01-09T17:14:05.609071 #15149]  INFO -- : 0:  sprockets (2.10.1) from /var/lib/gems/1.9.1/specifications/sprockets-2.10.1.gemspec
I, [2014-01-09T17:14:05.609526 #15149]  INFO -- : 0:  sprockets-rails (2.0.1) from /var/lib/gems/1.9.1/specifications/sprockets-rails-2.0.1.gemspec
I, [2014-01-09T17:14:05.610127 #15149]  INFO -- : 0:  rails (4.0.1) from /var/lib/gems/1.9.1/specifications/rails-4.0.1.gemspec
I, [2014-01-09T17:14:05.610761 #15149]  INFO -- : 0:  rdoc (3.12.2) from /var/lib/gems/1.9.1/specifications/rdoc-3.12.2.gemspec
I, [2014-01-09T17:14:05.612183 #15149]  INFO -- : 0:  sass (3.2.13) from /var/lib/gems/1.9.1/specifications/sass-3.2.13.gemspec
I, [2014-01-09T17:14:05.612839 #15149]  INFO -- : 0:  sass-rails (4.0.1) from /var/lib/gems/1.9.1/specifications/sass-rails-4.0.1.gemspec
I, [2014-01-09T17:14:05.613371 #15149]  INFO -- : 0:  sdoc (0.3.20) from /var/lib/gems/1.9.1/specifications/sdoc-0.3.20.gemspec
I, [2014-01-09T17:14:05.614180 #15149]  INFO -- : 0:  turbolinks (2.1.0) from /var/lib/gems/1.9.1/specifications/turbolinks-2.1.0.gemspec
I, [2014-01-09T17:14:05.614960 #15149]  INFO -- : 0:  uglifier (2.4.0) from /var/lib/gems/1.9.1/specifications/uglifier-2.4.0.gemspec
